234 INFO: PyInstaller: 6.21.0, contrib hooks: 2026.6
234 INFO: Python: 3.14.2
276 INFO: Platform: Windows-10-10.0.19045-SP0
276 INFO: Python environment: C:\Users\chent\AppData\Local\Python\pythoncore-3.14-64
276 WARNING: Failed to collect submodules for 'browserforge.injectors.undetected_playwright' because importing 'browserforge.injectors.undetected_playwright' raised: ModuleNotFoundError: No module named 'undetected_playwright'
332 WARNING: Failed to collect submodules for 'webview.platforms.android' because importing 'webview.platforms.android' raised: ModuleNotFoundError: No module named 'android'
12651 INFO: Module search paths (PYTHONPATH):
['C:\\Users\\chent\\Desktop\\multi',
 'C:\\Users\\chent\\AppData\\Local\\Python\\pythoncore-3.14-64\\python314.zip',
 'C:\\Users\\chent\\AppData\\Local\\Python\\pythoncore-3.14-64\\DLLs',
 'C:\\Users\\chent\\AppData\\Local\\Python\\pythoncore-3.14-64\\Lib',
 'C:\\Users\\chent\\AppData\\Local\\Python\\pythoncore-3.14-64',
 'C:\\Users\\chent\\AppData\\Local\\Python\\pythoncore-3.14-64\\Lib\\site-packages',
 'C:\\Users\\chent\\Desktop\\multi']
13588 INFO: Appending 'binaries' from .spec
13589 INFO: Appending 'datas' from .spec
13643 INFO: checking Analysis
13643 INFO: Building Analysis because Analysis-00.toc is non existent
13643 INFO: Looking for Python shared library...
13643 INFO: Using Python shared library: C:\Users\chent\AppData\Local\Python\pythoncore-3.14-64\python314.dll
13643 INFO: Running Analysis Analysis-00.toc
13643 INFO: Target bytecode optimization level: 0
13644 INFO: Initializing module dependency graph...
13645 INFO: Initializing module graph hook caches...
13685 INFO: Analyzing modules for base_library.zip ...
16745 INFO: Processing standard module hook 'hook-encodings.py' from 'C:\\Users\\chent\\AppData\\Local\\Python\\pythoncore-3.14-64\\Lib\\site-packages\\PyInstaller\\hooks'
17817 INFO: Processing standard module hook 'hook-pickle.py' from 'C:\\Users\\chent\\AppData\\Local\\Python\\pythoncore-3.14-64\\Lib\\site-packages\\PyInstaller\\hooks'
18328 INFO: Processing standard module hook 'hook-math.py' from 'C:\\Users\\chent\\AppData\\Local\\Python\\pythoncore-3.14-64\\Lib\\site-packages\\PyInstaller\\hooks'
18585 INFO: Processing standard module hook 'hook-difflib.py' from 'C:\\Users\\chent\\AppData\\Local\\Python\\pythoncore-3.14-64\\Lib\\site-packages\\PyInstaller\\hooks'
18610 INFO: Processing standard module hook 'hook-heapq.py' from 'C:\\Users\\chent\\AppData\\Local\\Python\\pythoncore-3.14-64\\Lib\\site-packages\\PyInstaller\\hooks'
23675 INFO: Caching module dependency graph...
23737 INFO: Analyzing C:\Users\chent\Desktop\multi\desktop.py
23745 INFO: Processing standard module hook 'hook-uvicorn.py' from 'C:\\Users\\chent\\AppData\\Local\\Python\\pythoncore-3.14-64\\Lib\\site-packages\\_pyinstaller_hooks_contrib\\stdhooks'
24967 INFO: Processing standard module hook 'hook-multiprocessing.util.py' from 'C:\\Users\\chent\\AppData\\Local\\Python\\pythoncore-3.14-64\\Lib\\site-packages\\PyInstaller\\hooks'
25153 INFO: Processing standard module hook 'hook-xml.py' from 'C:\\Users\\chent\\AppData\\Local\\Python\\pythoncore-3.14-64\\Lib\\site-packages\\PyInstaller\\hooks'
25769 INFO: Processing standard module hook 'hook-sysconfig.py' from 'C:\\Users\\chent\\AppData\\Local\\Python\\pythoncore-3.14-64\\Lib\\site-packages\\PyInstaller\\hooks'
25779 INFO: Processing standard module hook 'hook-_ctypes.py' from 'C:\\Users\\chent\\AppData\\Local\\Python\\pythoncore-3.14-64\\Lib\\site-packages\\PyInstaller\\hooks'
27301 INFO: Processing pre-safe-import-module hook 'hook-typing_extensions.py' from 'C:\\Users\\chent\\AppData\\Local\\Python\\pythoncore-3.14-64\\Lib\\site-packages\\PyInstaller\\hooks\\pre_safe_import_module'
27303 INFO: SetuptoolsInfo: initializing cached setuptools info...
29244 INFO: Processing standard module hook 'hook-platform.py' from 'C:\\Users\\chent\\AppData\\Local\\Python\\pythoncore-3.14-64\\Lib\\site-packages\\PyInstaller\\hooks'
30192 INFO: Processing standard module hook 'hook-webbrowser.py' from 'C:\\Users\\chent\\AppData\\Local\\Python\\pythoncore-3.14-64\\Lib\\site-packages\\PyInstaller\\hooks'
30794 INFO: Processing standard module hook 'hook-websockets.py' from 'C:\\Users\\chent\\AppData\\Local\\Python\\pythoncore-3.14-64\\Lib\\site-packages\\_pyinstaller_hooks_contrib\\stdhooks'
32334 INFO: Processing standard module hook 'hook-anyio.py' from 'C:\\Users\\chent\\AppData\\Local\\Python\\pythoncore-3.14-64\\Lib\\site-packages\\_pyinstaller_hooks_contrib\\stdhooks'
35208 INFO: Processing standard module hook 'hook-pydantic.py' from 'C:\\Users\\chent\\AppData\\Local\\Python\\pythoncore-3.14-64\\Lib\\site-packages\\_pyinstaller_hooks_contrib\\stdhooks'
36626 INFO: Processing standard module hook 'hook-rich.py' from 'C:\\Users\\chent\\AppData\\Local\\Python\\pythoncore-3.14-64\\Lib\\site-packages\\_pyinstaller_hooks_contrib\\stdhooks'
38025 INFO: Processing standard module hook 'hook-pygments.py' from 'C:\\Users\\chent\\AppData\\Local\\Python\\pythoncore-3.14-64\\Lib\\site-packages\\PyInstaller\\hooks'
42901 INFO: Processing standard module hook 'hook-zoneinfo.py' from 'C:\\Users\\chent\\AppData\\Local\\Python\\pythoncore-3.14-64\\Lib\\site-packages\\_pyinstaller_hooks_contrib\\stdhooks'
46469 INFO: Processing standard module hook 'hook-sqlite3.py' from 'C:\\Users\\chent\\AppData\\Local\\Python\\pythoncore-3.14-64\\Lib\\site-packages\\PyInstaller\\hooks'
47202 INFO: Processing standard module hook 'hook-orjson.py' from 'C:\\Users\\chent\\AppData\\Local\\Python\\pythoncore-3.14-64\\Lib\\site-packages\\_pyinstaller_hooks_contrib\\stdhooks'
47222 INFO: Processing standard module hook 'hook-urllib3.py' from 'C:\\Users\\chent\\AppData\\Local\\Python\\pythoncore-3.14-64\\Lib\\site-packages\\_pyinstaller_hooks_contrib\\stdhooks'
47480 INFO: Processing pre-safe-import-module hook 'hook-backports.py' from 'C:\\Users\\chent\\AppData\\Local\\Python\\pythoncore-3.14-64\\Lib\\site-packages\\PyInstaller\\hooks\\pre_safe_import_module'
47481 INFO: Setuptools: 'backports' appears to be a full setuptools-vendored copy - creating alias to 'setuptools._vendor.backports'!
47495 INFO: Processing standard module hook 'hook-setuptools.py' from 'C:\\Users\\chent\\AppData\\Local\\Python\\pythoncore-3.14-64\\Lib\\site-packages\\PyInstaller\\hooks'
47525 INFO: Processing pre-safe-import-module hook 'hook-distutils.py' from 'C:\\Users\\chent\\AppData\\Local\\Python\\pythoncore-3.14-64\\Lib\\site-packages\\PyInstaller\\hooks\\pre_safe_import_module'
47592 INFO: Processing pre-safe-import-module hook 'hook-jaraco.py' from 'C:\\Users\\chent\\AppData\\Local\\Python\\pythoncore-3.14-64\\Lib\\site-packages\\PyInstaller\\hooks\\pre_safe_import_module'
47593 INFO: Setuptools: 'jaraco' appears to be a full setuptools-vendored copy - creating alias to 'setuptools._vendor.jaraco'!
47616 INFO: Processing pre-safe-import-module hook 'hook-more_itertools.py' from 'C:\\Users\\chent\\AppData\\Local\\Python\\pythoncore-3.14-64\\Lib\\site-packages\\PyInstaller\\hooks\\pre_safe_import_module'
47617 INFO: Setuptools: 'more_itertools' appears to be a setuptools-vendored copy - creating alias to 'setuptools._vendor.more_itertools'!
48165 INFO: Processing pre-safe-import-module hook 'hook-packaging.py' from 'C:\\Users\\chent\\AppData\\Local\\Python\\pythoncore-3.14-64\\Lib\\site-packages\\PyInstaller\\hooks\\pre_safe_import_module'
48925 INFO: Processing standard module hook 'hook-setuptools._vendor.jaraco.text.py' from 'C:\\Users\\chent\\AppData\\Local\\Python\\pythoncore-3.14-64\\Lib\\site-packages\\PyInstaller\\hooks'
48928 INFO: Processing pre-safe-import-module hook 'hook-importlib_resources.py' from 'C:\\Users\\chent\\AppData\\Local\\Python\\pythoncore-3.14-64\\Lib\\site-packages\\PyInstaller\\hooks\\pre_safe_import_module'
50179 INFO: Processing pre-safe-import-module hook 'hook-tomli.py' from 'C:\\Users\\chent\\AppData\\Local\\Python\\pythoncore-3.14-64\\Lib\\site-packages\\PyInstaller\\hooks\\pre_safe_import_module'
50181 INFO: Setuptools: 'tomli' appears to be a setuptools-vendored copy - creating alias to 'setuptools._vendor.tomli'!
51664 INFO: Processing pre-safe-import-module hook 'hook-wheel.py' from 'C:\\Users\\chent\\AppData\\Local\\Python\\pythoncore-3.14-64\\Lib\\site-packages\\PyInstaller\\hooks\\pre_safe_import_module'
51665 INFO: Setuptools: 'wheel' appears to be a setuptools-vendored copy - creating alias to 'setuptools._vendor.wheel'!
53418 INFO: Processing standard module hook 'hook-certifi.py' from 'C:\\Users\\chent\\AppData\\Local\\Python\\pythoncore-3.14-64\\Lib\\site-packages\\_pyinstaller_hooks_contrib\\stdhooks'
53563 INFO: Processing standard module hook 'hook-charset_normalizer.py' from 'C:\\Users\\chent\\AppData\\Local\\Python\\pythoncore-3.14-64\\Lib\\site-packages\\_pyinstaller_hooks_contrib\\stdhooks'
54167 INFO: Processing pre-safe-import-module hook 'hook-platformdirs.py' from 'C:\\Users\\chent\\AppData\\Local\\Python\\pythoncore-3.14-64\\Lib\\site-packages\\PyInstaller\\hooks\\pre_safe_import_module'
54203 INFO: Processing standard module hook 'hook-platformdirs.py' from 'C:\\Users\\chent\\AppData\\Local\\Python\\pythoncore-3.14-64\\Lib\\site-packages\\_pyinstaller_hooks_contrib\\stdhooks'
54584 INFO: Processing standard module hook 'hook-pandas.py' from 'C:\\Users\\chent\\AppData\\Local\\Python\\pythoncore-3.14-64\\Lib\\site-packages\\PyInstaller\\hooks'
59422 INFO: Processing standard module hook 'hook-numpy.py' from 'C:\\Users\\chent\\AppData\\Local\\Python\\pythoncore-3.14-64\\Lib\\site-packages\\PyInstaller\\hooks'
71047 INFO: Processing standard module hook 'hook-pandas.io.formats.style.py' from 'C:\\Users\\chent\\AppData\\Local\\Python\\pythoncore-3.14-64\\Lib\\site-packages\\PyInstaller\\hooks'
76585 INFO: Processing standard module hook 'hook-pandas.plotting.py' from 'C:\\Users\\chent\\AppData\\Local\\Python\\pythoncore-3.14-64\\Lib\\site-packages\\PyInstaller\\hooks'
77689 INFO: Processing standard module hook 'hook-dateutil.py' from 'C:\\Users\\chent\\AppData\\Local\\Python\\pythoncore-3.14-64\\Lib\\site-packages\\_pyinstaller_hooks_contrib\\stdhooks'
77968 INFO: Processing pre-safe-import-module hook 'hook-six.moves.py' from 'C:\\Users\\chent\\AppData\\Local\\Python\\pythoncore-3.14-64\\Lib\\site-packages\\PyInstaller\\hooks\\pre_safe_import_module'
79805 INFO: Processing standard module hook 'hook-openpyxl.py' from 'C:\\Users\\chent\\AppData\\Local\\Python\\pythoncore-3.14-64\\Lib\\site-packages\\_pyinstaller_hooks_contrib\\stdhooks'
80037 INFO: Processing standard module hook 'hook-lxml.py' from 'C:\\Users\\chent\\AppData\\Local\\Python\\pythoncore-3.14-64\\Lib\\site-packages\\_pyinstaller_hooks_contrib\\stdhooks'
80596 INFO: Processing standard module hook 'hook-lxml.etree.py' from 'C:\\Users\\chent\\AppData\\Local\\Python\\pythoncore-3.14-64\\Lib\\site-packages\\_pyinstaller_hooks_contrib\\stdhooks'
80991 INFO: Processing standard module hook 'hook-xml.etree.cElementTree.py' from 'C:\\Users\\chent\\AppData\\Local\\Python\\pythoncore-3.14-64\\Lib\\site-packages\\PyInstaller\\hooks'
81737 INFO: Processing standard module hook 'hook-PIL.py' from 'C:\\Users\\chent\\AppData\\Local\\Python\\pythoncore-3.14-64\\Lib\\site-packages\\PyInstaller\\hooks'
81983 INFO: Processing standard module hook 'hook-PIL.Image.py' from 'C:\\Users\\chent\\AppData\\Local\\Python\\pythoncore-3.14-64\\Lib\\site-packages\\PyInstaller\\hooks'
83407 INFO: Processing standard module hook 'hook-PIL.ImageFilter.py' from 'C:\\Users\\chent\\AppData\\Local\\Python\\pythoncore-3.14-64\\Lib\\site-packages\\PyInstaller\\hooks'
86582 INFO: Processing standard module hook 'hook-pandas.io.clipboard.py' from 'C:\\Users\\chent\\AppData\\Local\\Python\\pythoncore-3.14-64\\Lib\\site-packages\\PyInstaller\\hooks'
86892 INFO: Processing standard module hook 'hook-xml.dom.domreg.py' from 'C:\\Users\\chent\\AppData\\Local\\Python\\pythoncore-3.14-64\\Lib\\site-packages\\PyInstaller\\hooks'
89159 INFO: Processing pre-safe-import-module hook 'hook-importlib_metadata.py' from 'C:\\Users\\chent\\AppData\\Local\\Python\\pythoncore-3.14-64\\Lib\\site-packages\\PyInstaller\\hooks\\pre_safe_import_module'
89161 INFO: Setuptools: 'importlib_metadata' appears to be a setuptools-vendored copy - creating alias to 'setuptools._vendor.importlib_metadata'!
89233 INFO: Processing standard module hook 'hook-setuptools._vendor.importlib_metadata.py' from 'C:\\Users\\chent\\AppData\\Local\\Python\\pythoncore-3.14-64\\Lib\\site-packages\\PyInstaller\\hooks'
89300 INFO: Processing pre-safe-import-module hook 'hook-zipp.py' from 'C:\\Users\\chent\\AppData\\Local\\Python\\pythoncore-3.14-64\\Lib\\site-packages\\PyInstaller\\hooks\\pre_safe_import_module'
89301 INFO: Setuptools: 'zipp' appears to be a setuptools-vendored copy - creating alias to 'setuptools._vendor.zipp'!
89408 INFO: Processing standard module hook 'hook-playwright.async_api.py' from 'C:\\Users\\chent\\AppData\\Local\\Python\\pythoncore-3.14-64\\Lib\\site-packages\\patchright\\_impl\\__pyinstaller'
93310 INFO: Processing standard module hook 'hook-playwright.sync_api.py' from 'C:\\Users\\chent\\AppData\\Local\\Python\\pythoncore-3.14-64\\Lib\\site-packages\\patchright\\_impl\\__pyinstaller'
95584 INFO: Processing standard module hook 'hook-webview.py' from 'C:\\Users\\chent\\AppData\\Local\\Python\\pythoncore-3.14-64\\Lib\\site-packages\\webview\\__pyinstaller'
96438 INFO: Processing pre-safe-import-module hook 'hook-gi.py' from 'C:\\Users\\chent\\AppData\\Local\\Python\\pythoncore-3.14-64\\Lib\\site-packages\\PyInstaller\\hooks\\pre_safe_import_module'
96700 INFO: Processing standard module hook 'hook-clr.py' from 'C:\\Users\\chent\\AppData\\Local\\Python\\pythoncore-3.14-64\\Lib\\site-packages\\pythonnet\\_pyinstaller'
96769 INFO: Processing standard module hook 'hook-clr_loader.py' from 'C:\\Users\\chent\\AppData\\Local\\Python\\pythoncore-3.14-64\\Lib\\site-packages\\_pyinstaller_hooks_contrib\\stdhooks'
96992 INFO: Processing standard module hook 'hook-pycparser.py' from 'C:\\Users\\chent\\AppData\\Local\\Python\\pythoncore-3.14-64\\Lib\\site-packages\\_pyinstaller_hooks_contrib\\stdhooks'
98845 INFO: Analyzing hidden import 'camoufox.__main__'
98866 INFO: Analyzing hidden import 'browserforge.__main__'
98869 INFO: Analyzing hidden import 'browserforge.injectors'
98878 INFO: Analyzing hidden import 'browserforge.injectors.data'
98879 INFO: Analyzing hidden import 'browserforge.injectors.playwright'
98887 INFO: Analyzing hidden import 'playwright.__main__'
98889 INFO: Analyzing hidden import 'playwright._impl.__pyinstaller'
98891 INFO: Analyzing hidden import 'playwright._impl._path_utils'
98894 INFO: Analyzing hidden import 'webview.__pyinstaller'
98895 INFO: Analyzing hidden import 'webview.__pyinstaller.hook-webview'
98958 INFO: Processing standard module hook 'hook-win32ctypes.core.py' from 'C:\\Users\\chent\\AppData\\Local\\Python\\pythoncore-3.14-64\\Lib\\site-packages\\PyInstaller\\hooks'
101375 INFO: Analyzing hidden import 'webview._version'
101377 INFO: Analyzing hidden import 'screeninfo.__main__'
101380 INFO: Analyzing hidden import 'uvicorn.__main__'
101381 INFO: Analyzing hidden import 'uvicorn.lifespan'
101382 INFO: Analyzing hidden import 'uvicorn.lifespan.off'
101385 INFO: Analyzing hidden import 'uvicorn.lifespan.on'
101397 INFO: Analyzing hidden import 'uvicorn.loops'
101398 INFO: Analyzing hidden import 'uvicorn.loops.asyncio'
101401 INFO: Analyzing hidden import 'uvicorn.loops.auto'
101405 INFO: Analyzing hidden import 'uvicorn.protocols.http.auto'
101406 INFO: Analyzing hidden import 'uvicorn.protocols.websockets.auto'
101409 INFO: Analyzing hidden import 'uvicorn.workers'
101418 INFO: Analyzing hidden import 'anyio._backends._asyncio'
101731 INFO: Processing module hooks (post-graph stage)...
102289 INFO: Processing standard module hook 'hook-lxml.isoschematron.py' from 'C:\\Users\\chent\\AppData\\Local\\Python\\pythoncore-3.14-64\\Lib\\site-packages\\_pyinstaller_hooks_contrib\\stdhooks'
102322 WARNING: Hidden import "pycparser.lextab" not found!
102322 WARNING: Hidden import "pycparser.yacctab" not found!
104199 INFO: Processing standard module hook 'hook-PIL.SpiderImagePlugin.py' from 'C:\\Users\\chent\\AppData\\Local\\Python\\pythoncore-3.14-64\\Lib\\site-packages\\PyInstaller\\hooks'
110411 INFO: Processing standard module hook 'hook-lxml.objectify.py' from 'C:\\Users\\chent\\AppData\\Local\\Python\\pythoncore-3.14-64\\Lib\\site-packages\\_pyinstaller_hooks_contrib\\stdhooks'
110413 INFO: Processing standard module hook 'hook-tzdata.py' from 'C:\\Users\\chent\\AppData\\Local\\Python\\pythoncore-3.14-64\\Lib\\site-packages\\_pyinstaller_hooks_contrib\\stdhooks'
111524 INFO: Performing binary vs. data reclassification (1216 entries)
111970 INFO: Looking for ctypes DLLs
112273 INFO: Analyzing run-time hooks ...
112291 INFO: Including run-time hook 'pyi_rth_inspect.py' from 'C:\\Users\\chent\\AppData\\Local\\Python\\pythoncore-3.14-64\\Lib\\site-packages\\PyInstaller\\hooks\\rthooks'
112297 INFO: Including run-time hook 'pyi_rth_pkgutil.py' from 'C:\\Users\\chent\\AppData\\Local\\Python\\pythoncore-3.14-64\\Lib\\site-packages\\PyInstaller\\hooks\\rthooks'
112303 INFO: Including run-time hook 'pyi_rth_multiprocessing.py' from 'C:\\Users\\chent\\AppData\\Local\\Python\\pythoncore-3.14-64\\Lib\\site-packages\\PyInstaller\\hooks\\rthooks'
112309 INFO: Including run-time hook 'pyi_rth_setuptools.py' from 'C:\\Users\\chent\\AppData\\Local\\Python\\pythoncore-3.14-64\\Lib\\site-packages\\PyInstaller\\hooks\\rthooks'
112404 INFO: Creating base_library.zip...
112441 INFO: Looking for dynamic libraries
118052 INFO: Extra DLL search directories (AddDllDirectory): ['C:\\Users\\chent\\AppData\\Local\\Python\\pythoncore-3.14-64\\Lib\\site-packages\\numpy.libs', 'C:\\Users\\chent\\AppData\\Local\\Python\\pythoncore-3.14-64\\Lib\\site-packages\\pandas.libs']
118053 INFO: Extra DLL search directories (PATH): []
120946 INFO: Warnings written to C:\Users\chent\Desktop\multi\build\build\warn-build.txt
121275 INFO: Graph cross-reference written to C:\Users\chent\Desktop\multi\build\build\xref-build.html
121458 INFO: checking PYZ
121458 INFO: Building PYZ because PYZ-00.toc is non existent
121458 INFO: Building PYZ (ZlibArchive) C:\Users\chent\Desktop\multi\build\build\PYZ-00.pyz
123714 INFO: Building PYZ (ZlibArchive) C:\Users\chent\Desktop\multi\build\build\PYZ-00.pyz completed successfully.
123849 INFO: checking PKG
123849 INFO: Building PKG because PKG-00.toc is non existent
123849 INFO: Building PKG (CArchive) AntiDetectManager.pkg
153010 INFO: Building PKG (CArchive) AntiDetectManager.pkg completed successfully.
153060 INFO: Bootloader C:\Users\chent\AppData\Local\Python\pythoncore-3.14-64\Lib\site-packages\PyInstaller\bootloader\Windows-64bit-intel\runw.exe
153060 INFO: checking EXE
153060 INFO: Building EXE because EXE-00.toc is non existent
153060 INFO: Building EXE from EXE-00.toc
153060 INFO: Copying bootloader EXE to C:\Users\chent\Desktop\multi\dist\AntiDetectManager.exe
153168 INFO: Copying icon to EXE
153235 INFO: Copying 0 resources to EXE
153235 INFO: Embedding manifest in EXE
153323 INFO: Appending PKG archive to EXE
153769 INFO: Fixing EXE headers
156071 INFO: Building EXE from EXE-00.toc completed successfully.
156121 INFO: Build complete! The results are available in: C:\Users\chent\Desktop\multi\dist
